May-27 17:51:14.496 [main] DEBUG nextflow.cli.Launcher - $> nextflow run main.nf -resume
May-27 17:51:14.587 [main] DEBUG nextflow.cli.CmdRun - N E X T F L O W  ~  version 26.04.2
May-27 17:51:14.632 [main] DEBUG nextflow.plugin.PluginsFacade - Setting up plugin manager > mode=prod; embedded=false; plugins-dir=/home/anoush/.nextflow/plugins; core-plugins: nf-amazon@3.9.1,nf-azure@1.22.4,nf-cloudcache@0.6.0,nf-codecommit@0.5.2,nf-console@1.3.0,nf-google@1.27.2,nf-k8s@1.5.3,nf-seqera@0.20.0,nf-tower@1.27.0,nf-wave@1.20.0
May-27 17:51:14.650 [main] INFO  o.pf4j.DefaultPluginStatusProvider - Enabled plugins: []
May-27 17:51:14.650 [main] INFO  o.pf4j.DefaultPluginStatusProvider - Disabled plugins: []
May-27 17:51:14.653 [main] INFO  org.pf4j.DefaultPluginManager - PF4J version 3.14.1 in 'deployment' mode
May-27 17:51:14.670 [main] DEBUG nextflow.util.RetryConfig - Missing nextflow session - using default retry config
May-27 17:51:14.769 [main] DEBUG nextflow.plugin.PluginUpdater - Using plugin repository: HttpPluginRepository [registry]; url=https://registry.nextflow.io/api
May-27 17:51:14.773 [main] INFO  org.pf4j.AbstractPluginManager - No plugins
May-27 17:51:14.797 [main] DEBUG nextflow.config.ConfigBuilder - Found config local: /home/anoush/admet-report-generator/nextflow.config
May-27 17:51:14.800 [main] DEBUG nextflow.config.ConfigBuilder - Parsing config file: /home/anoush/admet-report-generator/nextflow.config
May-27 17:51:14.803 [main] DEBUG nextflow.config.ConfigParserFactory - Using config parser v2
May-27 17:51:14.815 [main] DEBUG nextflow.config.ConfigBuilder - Applying config profile: `standard`
May-27 17:51:15.088 [main] DEBUG nextflow.plugin.PluginsFacade - Plugins default=[]
May-27 17:51:15.088 [main] DEBUG nextflow.plugin.PluginsFacade - Plugins resolved requirement=[]
May-27 17:51:15.099 [main] DEBUG n.secret.LocalSecretsProvider - Secrets store: /home/anoush/.nextflow/secrets/store.json
May-27 17:51:15.101 [main] DEBUG nextflow.secret.SecretsLoader - Discovered secrets providers: [nextflow.secret.LocalSecretsProvider@36681447] - activable => nextflow.secret.LocalSecretsProvider@36681447
May-27 17:51:15.112 [main] DEBUG nextflow.cli.CmdRun - Launching `main.nf` [marvelous_payne] - revision: 8e82c124eb
May-27 17:51:15.142 [main] WARN  nextflow.config.ConfigValidator - Unrecognized config option 'docker.autoMount'
May-27 17:51:15.179 [main] DEBUG nextflow.Session - Session UUID: 6fc0ff1e-de84-4cb8-bfda-c12b6252d60d
May-27 17:51:15.180 [main] DEBUG nextflow.Session - Run name: marvelous_payne
May-27 17:51:15.180 [main] DEBUG nextflow.Session - Executor pool size: 8
May-27 17:51:15.186 [main] DEBUG nextflow.file.FilePorter - File porter settings maxRetries=3; maxTransfers=50; pollTimeout=null
May-27 17:51:15.191 [main] DEBUG nextflow.util.ThreadPoolBuilder - Creating thread pool 'FileTransfer' minSize=10; maxSize=24; workQueue=LinkedBlockingQueue[-1]; allowCoreThreadTimeout=false
May-27 17:51:15.208 [main] DEBUG nextflow.cli.CmdRun - 
  Version: 26.04.2 build 12216
  Created: 21-05-2026 21:22 UTC (17:22 EDT)
  System: Linux 6.6.114.1-microsoft-standard-WSL2
  Runtime: Groovy 4.0.31 on OpenJDK 64-Bit Server VM 25.0.3-ea+7-Ubuntu-2
  Encoding: UTF-8 (UTF-8)
  Process: 2582@AnoushLaptop [127.0.1.1]
  CPUs: 8 - Mem: 7.5 GB (5.7 GB) - Swap: 2 GB (2 GB)
May-27 17:51:15.231 [main] DEBUG nextflow.Session - Work-dir: /home/anoush/admet-report-generator/work [ext2/ext3]
May-27 17:51:15.252 [main] DEBUG nextflow.executor.ExecutorFactory - Extension executors providers=[]
May-27 17:51:15.274 [main] DEBUG nextflow.Session - Observer factory (v2): LinObserverFactory
May-27 17:51:15.276 [main] DEBUG nextflow.Session - Observer factory (v2): DefaultObserverFactory
May-27 17:51:15.302 [main] DEBUG nextflow.cache.CacheFactory - Using Nextflow cache factory: nextflow.cache.DefaultCacheFactory
May-27 17:51:15.307 [main] DEBUG nextflow.util.CustomThreadPool - Creating default thread pool > poolSize: 9; maxThreads: 1000
May-27 17:51:15.357 [main] DEBUG nextflow.Session - Session start
May-27 17:51:15.363 [main] DEBUG nextflow.script.ScriptLoaderFactory - Using script parser v2
May-27 17:51:15.602 [main] DEBUG nextflow.script.ScriptRunner - > Launching execution
May-27 17:51:15.723 [main] DEBUG nextflow.executor.ExecutorFactory - << taskConfig executor: null
May-27 17:51:15.723 [main] DEBUG nextflow.executor.ExecutorFactory - >> processorType: 'local'
May-27 17:51:15.730 [main] DEBUG nextflow.executor.Executor - [warm up] executor > local
May-27 17:51:15.738 [main] DEBUG n.processor.LocalPollingMonitor - Creating local task monitor for executor 'local' > cpus=8; memory=7.5 GB; capacity=8; pollInterval=100ms; dumpInterval=5m
May-27 17:51:15.740 [main] DEBUG n.processor.TaskPollingMonitor - >>> barrier register (monitor: local)
May-27 17:51:15.775 [main] DEBUG nextflow.processor.TaskProcessor - Creating process 'FETCH': maxForks=0; fair=false; array=0
May-27 17:51:15.815 [main] DEBUG nextflow.executor.ExecutorFactory - << taskConfig executor: null
May-27 17:51:15.815 [main] DEBUG nextflow.executor.ExecutorFactory - >> processorType: 'local'
May-27 17:51:15.815 [main] DEBUG nextflow.processor.TaskProcessor - Creating process 'FEATURIZE': maxForks=0; fair=false; array=0
May-27 17:51:15.818 [main] DEBUG nextflow.executor.ExecutorFactory - << taskConfig executor: null
May-27 17:51:15.818 [main] DEBUG nextflow.executor.ExecutorFactory - >> processorType: 'local'
May-27 17:51:15.819 [main] DEBUG nextflow.processor.TaskProcessor - Creating process 'PREDICT': maxForks=0; fair=false; array=0
May-27 17:51:15.820 [main] DEBUG nextflow.executor.ExecutorFactory - << taskConfig executor: null
May-27 17:51:15.820 [main] DEBUG nextflow.executor.ExecutorFactory - >> processorType: 'local'
May-27 17:51:15.821 [main] DEBUG nextflow.processor.TaskProcessor - Creating process 'NARRATE': maxForks=0; fair=false; array=0
May-27 17:51:15.824 [main] DEBUG nextflow.executor.ExecutorFactory - << taskConfig executor: null
May-27 17:51:15.824 [main] DEBUG nextflow.executor.ExecutorFactory - >> processorType: 'local'
May-27 17:51:15.825 [main] DEBUG nextflow.processor.TaskProcessor - Creating process 'REPORT': maxForks=0; fair=false; array=0
May-27 17:51:15.849 [main] DEBUG nextflow.Session - Process names: FETCH, FEATURIZE, PREDICT, NARRATE, REPORT
May-27 17:51:15.852 [main] DEBUG nextflow.Session - Igniting dataflow network (11)
May-27 17:51:15.862 [main] DEBUG nextflow.processor.TaskProcessor - Starting process > FETCH
May-27 17:51:15.864 [main] DEBUG nextflow.processor.TaskProcessor - Starting process > FEATURIZE
May-27 17:51:15.866 [main] DEBUG nextflow.processor.TaskProcessor - Starting process > PREDICT
May-27 17:51:15.867 [main] DEBUG nextflow.processor.TaskProcessor - Starting process > NARRATE
May-27 17:51:15.869 [main] DEBUG nextflow.processor.TaskProcessor - Starting process > REPORT
May-27 17:51:15.871 [main] DEBUG nextflow.script.ScriptRunner - Parsed script files:
  Main: /home/anoush/admet-report-generator/main.nf
May-27 17:51:15.871 [main] DEBUG nextflow.script.ScriptRunner - > Awaiting termination 
May-27 17:51:15.871 [main] DEBUG nextflow.Session - Session await
May-27 17:51:16.018 [Actor Thread 8] INFO  nextflow.processor.TaskProcessor - [7b/4b0093] Cached process > FETCH (1)
May-27 17:51:16.031 [Actor Thread 6] INFO  nextflow.processor.TaskProcessor - [5f/c2e3c1] Cached process > FEATURIZE (1)
May-27 17:51:16.036 [Actor Thread 6] INFO  nextflow.processor.TaskProcessor - [b1/83570f] Cached process > PREDICT (1)
May-27 17:51:16.079 [Task submitter] DEBUG n.executor.local.LocalTaskHandler - Launch cmd line: /bin/bash -ue .command.run
May-27 17:51:16.082 [Task submitter] INFO  nextflow.Session - [bf/1f4e9c] Submitted process > NARRATE (1)
May-27 17:52:33.804 [Task monitor] DEBUG n.processor.TaskPollingMonitor - Task completed > TaskHandler[id: 4; name: NARRATE (1); status: COMPLETED; exit: 0; error: -; workDir: /home/anoush/admet-report-generator/work/bf/1f4e9c1ff7a4f470a936edb41b7a56]
May-27 17:52:33.806 [Task monitor] DEBUG nextflow.util.ThreadPoolBuilder - Creating thread pool 'TaskFinalizer' minSize=10; maxSize=24; workQueue=LinkedBlockingQueue[-1]; allowCoreThreadTimeout=false
May-27 17:52:33.826 [Task submitter] DEBUG n.executor.local.LocalTaskHandler - Launch cmd line: /bin/bash -ue .command.run
May-27 17:52:33.827 [Task submitter] INFO  nextflow.Session - [39/07499f] Submitted process > REPORT (1)
May-27 17:52:53.062 [Task monitor] DEBUG n.processor.TaskPollingMonitor - Task completed > TaskHandler[id: 5; name: REPORT (1); status: COMPLETED; exit: 0; error: -; workDir: /home/anoush/admet-report-generator/work/39/07499fb43dc2abc0ee8380c0016bb6]
May-27 17:52:53.078 [TaskFinalizer-2] DEBUG nextflow.util.ThreadPoolBuilder - Creating thread pool 'PublishDir' minSize=10; maxSize=24; workQueue=LinkedBlockingQueue[-1]; allowCoreThreadTimeout=false
May-27 17:52:53.080 [main] DEBUG nextflow.Session - Session await > all processes finished
May-27 17:52:53.162 [Task monitor] DEBUG n.processor.TaskPollingMonitor - <<< barrier arrives (monitor: local) - terminating tasks monitor poll loop
May-27 17:52:53.165 [main] DEBUG nextflow.Session - Session await > all barriers passed
May-27 17:52:53.181 [main] DEBUG nextflow.util.ThreadPoolManager - Thread pool 'TaskFinalizer' shutdown completed (hard=false)
May-27 17:52:53.181 [main] DEBUG nextflow.util.ThreadPoolManager - Thread pool 'PublishDir' shutdown completed (hard=false)
May-27 17:52:53.197 [main] DEBUG n.trace.WorkflowStatsObserver - Workflow completed > WorkflowStats[succeededCount=2; failedCount=0; ignoredCount=0; cachedCount=3; pendingCount=0; submittedCount=0; runningCount=0; retriesCount=0; abortedCount=0; succeedDuration=1m 37s; failedDuration=0ms; cachedDuration=4m 35s;loadCpus=0; loadMemory=0; peakRunning=1; peakCpus=1; peakMemory=0; ]
May-27 17:52:53.242 [main] DEBUG nextflow.cache.CacheDB - Closing CacheDB done
May-27 17:52:53.251 [main] DEBUG nextflow.util.ThreadPoolManager - Thread pool 'FileTransfer' shutdown completed (hard=false)
May-27 17:52:53.252 [main] DEBUG nextflow.script.ScriptRunner - > Execution complete -- Goodbye
